Change Component Designator: Old Designator=? New Designator=1
Change Component Designator: Old Designator=? New Designator=2
Change Component Designator: Old Designator=C? New Designator=C1
Change Component Designator: Old Designator=C? New Designator=C2
Change Component Designator: Old Designator=C? New Designator=C3
Change Component Designator: Old Designator=Cp? New Designator=Cp1
Change Component Designator: Old Designator=Cp? New Designator=Cp2
Change Component Designator: Old Designator=Cp? New Designator=Cp3
Change Component Designator: Old Designator=Cp? New Designator=Cp4
Change Component Designator: Old Designator=Cp? New Designator=Cp5
Change Component Designator: Old Designator=Cp? New Designator=Cp6
Change Component Designator: Old Designator=Cp? New Designator=Cp7
Change Component Designator: Old Designator=Cp? New Designator=Cp8
Change Component Designator: Old Designator=Cp? New Designator=Cp9
Change Component Designator: Old Designator=Cp? New Designator=Cp10
Change Component Designator: Old Designator=Cp? New Designator=Cp11
Change Component Designator: Old Designator=Cp? New Designator=Cp12
Change Component Designator: Old Designator=F? New Designator=F1
Change Component Designator: Old Designator=IC? New Designator=IC1
Change Component Designator: Old Designator=IC? New Designator=IC2
Change Component Designator: Old Designator=J? New Designator=J1
Change Component Designator: Old Designator=L? New Designator=L1
Change Component Designator: Old Designator=L? New Designator=L2
Change Component Designator: Old Designator=R? New Designator=R1
Change Component Designator: Old Designator=R? New Designator=R2
Change Component Designator: Old Designator=R? New Designator=R3
Change Component Designator: Old Designator=R? New Designator=R4
Change Component Designator: Old Designator=R? New Designator=R5
Change Component Designator: Old Designator=R? New Designator=R6
Change Component Designator: Old Designator=R? New Designator=R7
Change Component Designator: Old Designator=R? New Designator=R8
Change Component Designator: Old Designator=R? New Designator=R9
Change Component Designator: Old Designator=R? New Designator=R10
Change Component Designator: Old Designator=R? New Designator=R11
Change Component Designator: Old Designator=R? New Designator=R12
Change Component Designator: Old Designator=TERM? New Designator=TERM1
Change Component Designator: Old Designator=TERM? New Designator=TERM2
